e:\projects\elliptic_curves\elliptic_curves\debug\vc141.pdb
e:\projects\elliptic_curves\elliptic_curves\debug\vc141.idb
e:\projects\elliptic_curves\elliptic_curves\debug\tests.obj
e:\projects\elliptic_curves\elliptic_curves\debug\random.obj
e:\projects\elliptic_curves\elliptic_curves\debug\finitefieldprime.obj
e:\projects\elliptic_curves\elliptic_curves\debug\main.obj
e:\projects\elliptic_curves\elliptic_curves\debug\isaac32_engine.obj
e:\projects\elliptic_curves\elliptic_curves\debug\finitefieldquadraticextension.obj
e:\projects\elliptic_curves\elliptic_curves\debug\finitefield.obj
e:\projects\elliptic_curves\elliptic_curves\debug\exponentiatorfactory.obj
e:\projects\elliptic_curves\elliptic_curves\debug\exponentiator.obj
e:\projects\elliptic_curves\elliptic_curves\debug\binarynafexponentiator.obj
e:\projects\elliptic_curves\elliptic_curves\debug\bigint.obj
e:\projects\elliptic_curves\elliptic_curves\debug\elliptic_curves.pdb
e:\projects\elliptic_curves\elliptic_curves\debug\elliptic_curves.idb
e:\projects\elliptic_curves\elliptic_curves\debug\finitefieldcubicextension.obj
e:\projects\elliptic_curves\elliptic_curves\debug\ellipticcurve.obj
e:\projects\elliptic_curves\elliptic_curves\debug\bitlength.obj
e:\projects\elliptic_curves\lib\win32\debug\elliptic_curves.lib
e:\projects\elliptic_curves\lib\win32\debug\elliptic_curves.pdb
e:\projects\elliptic_curves\elliptic_curves\debug\elliptic_curves.tlog\cl.command.1.tlog
e:\projects\elliptic_curves\elliptic_curves\debug\elliptic_curves.tlog\cl.read.1.tlog
e:\projects\elliptic_curves\elliptic_curves\debug\elliptic_curves.tlog\cl.write.1.tlog
e:\projects\elliptic_curves\elliptic_curves\debug\elliptic_curves.tlog\elliptic_curves.write.1u.tlog
e:\projects\elliptic_curves\elliptic_curves\debug\elliptic_curves.tlog\lib-link.read.1.tlog
e:\projects\elliptic_curves\elliptic_curves\debug\elliptic_curves.tlog\lib-link.write.1.tlog
e:\projects\elliptic_curves\elliptic_curves\debug\elliptic_curves.tlog\lib.command.1.tlog
e:\projects\elliptic_curves\elliptic_curves\debug\elliptic_curves.tlog\link.command.1.tlog
e:\projects\elliptic_curves\elliptic_curves\debug\elliptic_curves.tlog\link.read.1.tlog
e:\projects\elliptic_curves\elliptic_curves\debug\elliptic_curves.tlog\link.write.1.tlog
