e:\projects\elliptic_curves\elliptic_curves\x64\release\elliptic_curves.pdb
e:\projects\elliptic_curves\elliptic_curves\x64\release\finitefieldquadraticextension.obj
e:\projects\elliptic_curves\elliptic_curves\x64\release\finitefieldprime.obj
e:\projects\elliptic_curves\elliptic_curves\x64\release\finitefieldcubicextension.obj
e:\projects\elliptic_curves\elliptic_curves\x64\release\ellipticcurvetwister.obj
e:\projects\elliptic_curves\elliptic_curves\x64\release\ellipticcurve.obj
e:\projects\elliptic_curves\elliptic_curves\x64\release\random.obj
e:\projects\elliptic_curves\elliptic_curves\x64\release\power.obj
e:\projects\elliptic_curves\elliptic_curves\x64\release\main.obj
e:\projects\elliptic_curves\elliptic_curves\x64\release\isaac32_engine.obj
e:\projects\elliptic_curves\elliptic_curves\x64\release\fft.obj
e:\projects\elliptic_curves\elliptic_curves\x64\release\exponentiatorfactory.obj
e:\projects\elliptic_curves\elliptic_curves\x64\release\exponentiator.obj
e:\projects\elliptic_curves\elliptic_curves\x64\release\bitlength.obj
e:\projects\elliptic_curves\lib\x64\release\elliptic_curves.lib
e:\projects\elliptic_curves\elliptic_curves\x64\release\elliptic_curves.tlog\cl.command.1.tlog
e:\projects\elliptic_curves\elliptic_curves\x64\release\elliptic_curves.tlog\cl.read.1.tlog
e:\projects\elliptic_curves\elliptic_curves\x64\release\elliptic_curves.tlog\cl.write.1.tlog
e:\projects\elliptic_curves\elliptic_curves\x64\release\elliptic_curves.tlog\lib-link.read.1.tlog
e:\projects\elliptic_curves\elliptic_curves\x64\release\elliptic_curves.tlog\lib-link.write.1.tlog
e:\projects\elliptic_curves\elliptic_curves\x64\release\elliptic_curves.tlog\lib.command.1.tlog
