e:\projects\elliptic_curves\elliptic_curves\x64\debug\elliptic_curves.pdb
e:\projects\elliptic_curves\elliptic_curves\x64\debug\elliptic_curves.idb
e:\projects\elliptic_curves\elliptic_curves\x64\debug\random.obj
e:\projects\elliptic_curves\elliptic_curves\x64\debug\power.obj
e:\projects\elliptic_curves\elliptic_curves\x64\debug\finitefieldprime.obj
e:\projects\elliptic_curves\elliptic_curves\x64\debug\main.obj
e:\projects\elliptic_curves\elliptic_curves\x64\debug\isaac32_engine.obj
e:\projects\elliptic_curves\elliptic_curves\x64\debug\finitefieldquadraticextension.obj
e:\projects\elliptic_curves\elliptic_curves\x64\debug\finitefieldcubicextension.obj
e:\projects\elliptic_curves\elliptic_curves\x64\debug\fft.obj
e:\projects\elliptic_curves\elliptic_curves\x64\debug\exponentiatorfactory.obj
e:\projects\elliptic_curves\elliptic_curves\x64\debug\exponentiator.obj
e:\projects\elliptic_curves\elliptic_curves\x64\debug\ellipticcurvetwister.obj
e:\projects\elliptic_curves\elliptic_curves\x64\debug\ellipticcurve.obj
e:\projects\elliptic_curves\elliptic_curves\x64\debug\bitlength.obj
e:\projects\elliptic_curves\lib\x64\debug\elliptic_curves.lib
e:\projects\elliptic_curves\lib\x64\debug\elliptic_curves.pdb
e:\projects\elliptic_curves\elliptic_curves\x64\debug\elliptic_curves.tlog\cl.command.1.tlog
e:\projects\elliptic_curves\elliptic_curves\x64\debug\elliptic_curves.tlog\cl.read.1.tlog
e:\projects\elliptic_curves\elliptic_curves\x64\debug\elliptic_curves.tlog\cl.write.1.tlog
e:\projects\elliptic_curves\elliptic_curves\x64\debug\elliptic_curves.tlog\lib-link.read.1.tlog
e:\projects\elliptic_curves\elliptic_curves\x64\debug\elliptic_curves.tlog\lib-link.write.1.tlog
e:\projects\elliptic_curves\elliptic_curves\x64\debug\elliptic_curves.tlog\lib.command.1.tlog
